<testsuite name="Mocha Tests" tests="20" failures="0" errors="0" skipped="0" timestamp="2018-04-07T00:48:35" time="0.812">
<testcase classname="Web project generator Basic app with NodeJS" name="contains web pages" time="0"/>
<testcase classname="Web project generator Basic app with NodeJS" name="starter text appears" time="0"/>
<testcase classname="Web project generator React app with NodeJS" name="required files created" time="0"/>
<testcase classname="Web project generator React app with NodeJS" name="contains original dependencies" time="0.001"/>
<testcase classname="Web project generator React app with NodeJS" name="contains Webpack" time="0"/>
<testcase classname="Web project generator React app with NodeJS" name="contains React" time="0"/>
<testcase classname="Web project generator React app with NodeJS" name="should modify Dockerfile" time="0"/>
<testcase classname="Web project generator React app with NodeJS" name="should modify manifest.yml" time="0"/>
<testcase classname="Web project generator AngularJS app with NodeJS and present existing files" name="required files created" time="0"/>
<testcase classname="Web project generator AngularJS app with NodeJS and present existing files" name="contains original dependencies" time="0"/>
<testcase classname="Web project generator AngularJS app with NodeJS and present existing files" name="should modify Dockerfile" time="0"/>
<testcase classname="Web project generator AngularJS app with NodeJS and present existing files" name="should modify manifest.yml" time="0"/>
<testcase classname="Web project generator AngularJS app with NodeJS and present existing files" name="should have react specific build script" time="0"/>
<testcase classname="Web project generator AngularJS app with NodeJS and present existing files" name="should have original scripts and dependencies" time="0"/>
<testcase classname="Web project generator AngularJS app with NodeJS with empty user directory" name="required files created" time="0"/>
<testcase classname="Web project generator AngularJS app with NodeJS with empty user directory" name="contains original dependencies" time="0.001"/>
<testcase classname="Web project generator AngularJS app with NodeJS with empty user directory" name="should not have Dockerfile" time="0"/>
<testcase classname="Web project generator AngularJS app with NodeJS with empty user directory" name="should not have manifest.yml" time="0"/>
<testcase classname="Web project generator AngularJS app with NodeJS with empty user directory" name="should have react specific build script" time="0"/>
<testcase classname="Web project generator AngularJS app with NodeJS with empty user directory" name="should have original scripts and dependencies" time="0"/>
</testsuite>
